Using pre-set license
Built from '2020.3/release' branch; Version is '2020.3.7f1 (dd97f2c94397) revision 14522354'; Using compiler version '192528614'; Build Type 'Release'
OS: 'Windows 10 Home; OS build 19042.985; Version 2009; 64bit' Language: 'pl' Physical Memory: 16315 MB
BatchMode: 1, IsHumanControllingUs: 0, StartBugReporterOnCrash: 0, Is64bit: 1, IsPro: 0

 COMMAND LINE ARGUMENTS:
C:\Program Files\Unity\Hub\Editor\2020.3.7f1\Editor\Unity.exe
-adb2
-batchMode
-noUpm
-name
AssetImportWorker0
-projectPath
C:/Users/Wojtek/Desktop/Unity/Projects/tanks
-logFile
Logs/AssetImportWorker0.log
-srvPort
53020
Successfully changed project path to: C:/Users/Wojtek/Desktop/Unity/Projects/tanks
C:/Users/Wojtek/Desktop/Unity/Projects/tanks
Using Asset Import Pipeline V2.
Refreshing native plugins compatible for Editor in 36.92 ms, found 1 plugins.
Preloading 0 native plugins for Editor in 0.00 ms.
Initialize engine version: 2020.3.7f1 (dd97f2c94397)
[Subsystems] Discovering subsystems at path C:/Program Files/Unity/Hub/Editor/2020.3.7f1/Editor/Data/Resources/UnitySubsystems
[Subsystems] Discovering subsystems at path C:/Users/Wojtek/Desktop/Unity/Projects/tanks/Assets
GfxDevice: creating device client; threaded=0
Direct3D:
    Version:  Direct3D 11.0 [level 11.1]
    Renderer: NVIDIA GeForce GTX 1650 (ID=0x2188)
    Vendor:   
    VRAM:     3962 MB
    Driver:   27.21.14.6192
Initialize mono
Mono path[0] = 'C:/Program Files/Unity/Hub/Editor/2020.3.7f1/Editor/Data/Managed'
Mono path[1] = 'C:/Program Files/Unity/Hub/Editor/2020.3.7f1/Editor/Data/MonoBleedingEdge/lib/mono/unityjit'
Mono config path = 'C:/Program Files/Unity/Hub/Editor/2020.3.7f1/Editor/Data/MonoBleedingEdge/etc'
Using monoOptions --debugger-agent=transport=dt_socket,embedding=1,server=y,suspend=n,address=127.0.0.1:56200
Begin MonoManager ReloadAssembly
Registering precompiled unity dll's ...
Register platform support module: C:/Program Files/Unity/Hub/Editor/2020.3.7f1/Editor/Data/PlaybackEngines/WebGLSupport/UnityEditor.WebGL.Extensions.dll
Register platform support module: C:/Program Files/Unity/Hub/Editor/2020.3.7f1/Editor/Data/PlaybackEngines/WindowsStandaloneSupport/UnityEditor.WindowsStandalone.Extensions.dll
Registered in 0.002113 seconds.
Native extension for WindowsStandalone target not found
Native extension for WebGL target not found
Refreshing native plugins compatible for Editor in 44.11 ms, found 1 plugins.
Preloading 0 native plugins for Editor in 0.00 ms.
Mono: successfully reloaded assembly
- Completed reload, in  1.121 seconds
Platform modules already initialized, skipping
Registering precompiled user dll's ...
Registered in 0.000898 seconds.
Begin MonoManager ReloadAssembly
Native extension for WindowsStandalone target not found
Native extension for WebGL target not found
Refreshing native plugins compatible for Editor in 39.49 ms, found 1 plugins.
Preloading 0 native plugins for Editor in 0.00 ms.
Mono: successfully reloaded assembly
- Completed reload, in  0.837 seconds
Platform modules already initialized, skipping
========================================================================
Worker process is ready to serve import requests
Launched and connected shader compiler UnityShaderCompiler.exe after 0.04 seconds
Refreshing native plugins compatible for Editor in 0.41 ms, found 1 plugins.
Preloading 0 native plugins for Editor in 0.00 ms.
Unloading 1872 Unused Serialized files (Serialized files now loaded: 0)
System memory in use before: 100.6 MB.
System memory in use after: 100.6 MB.

Unloading 23 unused Assets to reduce memory usage. Loaded Objects now: 2332.
Total: 2.102300 ms (FindLiveObjects: 0.292700 ms CreateObjectMapping: 0.219200 ms MarkObjects: 1.488100 ms  DeleteObjects: 0.101100 ms)

========================================================================
Received Import Request.
  path: Assets/HealthPack.prefab
  artifactKey: Guid(7aae777ac7c481c4aa214cae98117556) Importer(815301076,1909f56bfc062723c751e8b465ee728b)
Start importing Assets/HealthPack.prefab using Guid(7aae777ac7c481c4aa214cae98117556) Importer(815301076,1909f56bfc062723c751e8b465ee728b)  -> (artifact id: '3a488285a591ad0b8b9f8600f45b6f68') in 0.087296 seconds
  Import took 0.090402 seconds .

========================================================================
Received Prepare
Registering precompiled user dll's ...
Registered in 0.000909 seconds.
Begin MonoManager ReloadAssembly
Native extension for WindowsStandalone target not found
Native extension for WebGL target not found
Refreshing native plugins compatible for Editor in 0.38 ms, found 1 plugins.
Preloading 0 native plugins for Editor in 0.00 ms.
Mono: successfully reloaded assembly
- Completed reload, in  0.762 seconds
Platform modules already initialized, skipping
Refreshing native plugins compatible for Editor in 0.41 ms, found 1 plugins.
Preloading 0 native plugins for Editor in 0.00 ms.
Unloading 1853 Unused Serialized files (Serialized files now loaded: 0)
System memory in use before: 102.3 MB.
System memory in use after: 102.3 MB.

Unloading 11 unused Assets to reduce memory usage. Loaded Objects now: 2343.
Total: 2.159100 ms (FindLiveObjects: 0.344400 ms CreateObjectMapping: 0.093500 ms MarkObjects: 1.624100 ms  DeleteObjects: 0.095800 ms)

========================================================================
Received Prepare
Registering precompiled user dll's ...
Registered in 0.000908 seconds.
Begin MonoManager ReloadAssembly
Native extension for WindowsStandalone target not found
Native extension for WebGL target not found
Refreshing native plugins compatible for Editor in 0.42 ms, found 1 plugins.
Preloading 0 native plugins for Editor in 0.00 ms.
Mono: successfully reloaded assembly
- Completed reload, in  0.871 seconds
Platform modules already initialized, skipping
Refreshing native plugins compatible for Editor in 0.36 ms, found 1 plugins.
Preloading 0 native plugins for Editor in 0.00 ms.
Unloading 1853 Unused Serialized files (Serialized files now loaded: 0)
System memory in use before: 102.3 MB.
System memory in use after: 102.3 MB.

Unloading 11 unused Assets to reduce memory usage. Loaded Objects now: 2347.
Total: 1.942200 ms (FindLiveObjects: 0.199600 ms CreateObjectMapping: 0.043500 ms MarkObjects: 1.599700 ms  DeleteObjects: 0.097700 ms)

========================================================================
Received Prepare
Registering precompiled user dll's ...
Registered in 0.000888 seconds.
Begin MonoManager ReloadAssembly
Native extension for WindowsStandalone target not found
Native extension for WebGL target not found
Refreshing native plugins compatible for Editor in 0.38 ms, found 1 plugins.
Preloading 0 native plugins for Editor in 0.00 ms.
Mono: successfully reloaded assembly
- Completed reload, in  0.807 seconds
Platform modules already initialized, skipping
Refreshing native plugins compatible for Editor in 0.38 ms, found 1 plugins.
Preloading 0 native plugins for Editor in 0.00 ms.
Unloading 1853 Unused Serialized files (Serialized files now loaded: 0)
System memory in use before: 102.3 MB.
System memory in use after: 102.4 MB.

Unloading 11 unused Assets to reduce memory usage. Loaded Objects now: 2351.
Total: 1.797600 ms (FindLiveObjects: 0.209800 ms CreateObjectMapping: 0.042600 ms MarkObjects: 1.458900 ms  DeleteObjects: 0.085300 ms)

========================================================================
Received Prepare
Registering precompiled user dll's ...
Registered in 0.000897 seconds.
Begin MonoManager ReloadAssembly
Native extension for WindowsStandalone target not found
Native extension for WebGL target not found
Refreshing native plugins compatible for Editor in 0.38 ms, found 1 plugins.
Preloading 0 native plugins for Editor in 0.00 ms.
Mono: successfully reloaded assembly
- Completed reload, in  0.820 seconds
Platform modules already initialized, skipping
Refreshing native plugins compatible for Editor in 0.39 ms, found 1 plugins.
Preloading 0 native plugins for Editor in 0.00 ms.
Unloading 1853 Unused Serialized files (Serialized files now loaded: 0)
System memory in use before: 102.4 MB.
System memory in use after: 102.4 MB.

Unloading 11 unused Assets to reduce memory usage. Loaded Objects now: 2355.
Total: 1.864600 ms (FindLiveObjects: 0.235200 ms CreateObjectMapping: 0.056300 ms MarkObjects: 1.474200 ms  DeleteObjects: 0.097600 ms)

========================================================================
Received Import Request.
  Time since last request: 395.482817 seconds.
  path: Assets/Bullet.cs
  artifactKey: Guid(4bc95c183b9486e4cb5ffff09b6650db) Importer(815301076,1909f56bfc062723c751e8b465ee728b)
Start importing Assets/Bullet.cs using Guid(4bc95c183b9486e4cb5ffff09b6650db) Importer(815301076,1909f56bfc062723c751e8b465ee728b)  -> (artifact id: 'd963fce6649712acfa8008b286c3d4a1') in 0.014959 seconds
  Import took 0.018472 seconds .

========================================================================
Received Prepare
Registering precompiled user dll's ...
Registered in 0.000951 seconds.
Begin MonoManager ReloadAssembly
Native extension for WindowsStandalone target not found
Native extension for WebGL target not found
Refreshing native plugins compatible for Editor in 0.41 ms, found 1 plugins.
Preloading 0 native plugins for Editor in 0.00 ms.
Mono: successfully reloaded assembly
- Completed reload, in  0.893 seconds
Platform modules already initialized, skipping
Refreshing native plugins compatible for Editor in 0.41 ms, found 1 plugins.
Preloading 0 native plugins for Editor in 0.00 ms.
Unloading 1852 Unused Serialized files (Serialized files now loaded: 0)
System memory in use before: 102.3 MB.
System memory in use after: 102.4 MB.

Unloading 12 unused Assets to reduce memory usage. Loaded Objects now: 2358.
Total: 2.396900 ms (FindLiveObjects: 0.244000 ms CreateObjectMapping: 0.045700 ms MarkObjects: 1.995100 ms  DeleteObjects: 0.110700 ms)

========================================================================
Received Prepare
Registering precompiled user dll's ...
Registered in 0.000842 seconds.
Begin MonoManager ReloadAssembly
Native extension for WindowsStandalone target not found
Native extension for WebGL target not found
Refreshing native plugins compatible for Editor in 0.38 ms, found 1 plugins.
Preloading 0 native plugins for Editor in 0.00 ms.
Mono: successfully reloaded assembly
- Completed reload, in  0.752 seconds
Platform modules already initialized, skipping
Refreshing native plugins compatible for Editor in 0.37 ms, found 1 plugins.
Preloading 0 native plugins for Editor in 0.00 ms.
Unloading 1852 Unused Serialized files (Serialized files now loaded: 0)
System memory in use before: 102.4 MB.
System memory in use after: 102.4 MB.

Unloading 11 unused Assets to reduce memory usage. Loaded Objects now: 2362.
Total: 1.960400 ms (FindLiveObjects: 0.246200 ms CreateObjectMapping: 0.048600 ms MarkObjects: 1.575800 ms  DeleteObjects: 0.088300 ms)

========================================================================
Received Import Request.
  Time since last request: 33.619757 seconds.
  path: Assets/dest.anim
  artifactKey: Guid(5ec90bca948dbd244b16df7f56edf1ea) Importer(815301076,1909f56bfc062723c751e8b465ee728b)
Start importing Assets/dest.anim using Guid(5ec90bca948dbd244b16df7f56edf1ea) Importer(815301076,1909f56bfc062723c751e8b465ee728b)  -> (artifact id: 'aca5053026cbd9aceb2fc22bd7a5c296') in 0.017397 seconds
  Import took 0.020894 seconds .

========================================================================
Received Import Request.
  Time since last request: 0.000425 seconds.
  path: Assets/dest.anim
  artifactKey: Guid(5ec90bca948dbd244b16df7f56edf1ea) Importer(815301076,1909f56bfc062723c751e8b465ee728b)
Start importing Assets/dest.anim using Guid(5ec90bca948dbd244b16df7f56edf1ea) Importer(815301076,1909f56bfc062723c751e8b465ee728b)  -> (artifact id: 'aca5053026cbd9aceb2fc22bd7a5c296') in 0.003844 seconds
  Import took 0.008099 seconds .

========================================================================
Received Import Request.
  Time since last request: 3.765418 seconds.
  path: Assets/explosion 1_0.controller
  artifactKey: Guid(9614e63b711a4b84f89d4b58088534d9) Importer(815301076,1909f56bfc062723c751e8b465ee728b)
Start importing Assets/explosion 1_0.controller using Guid(9614e63b711a4b84f89d4b58088534d9) Importer(815301076,1909f56bfc062723c751e8b465ee728b)  -> (artifact id: 'f3bb7db9f21bceb8c12ecb7c8024a11d') in 0.010083 seconds
  Import took 0.013149 seconds .

========================================================================
Received Import Request.
  Time since last request: 5.977067 seconds.
  path: Assets/healthPack.cs
  artifactKey: Guid(88f24387139b16b448a69d0c24ce3390) Importer(815301076,1909f56bfc062723c751e8b465ee728b)
Start importing Assets/healthPack.cs using Guid(88f24387139b16b448a69d0c24ce3390) Importer(815301076,1909f56bfc062723c751e8b465ee728b)  -> (artifact id: '2dba53d43ec04cc504b021059f558941') in 0.007363 seconds
  Import took 0.010616 seconds .

========================================================================
Received Prepare
Registering precompiled user dll's ...
Registered in 0.000908 seconds.
Begin MonoManager ReloadAssembly
Native extension for WindowsStandalone target not found
Native extension for WebGL target not found
Refreshing native plugins compatible for Editor in 0.43 ms, found 1 plugins.
Preloading 0 native plugins for Editor in 0.00 ms.
Mono: successfully reloaded assembly
- Completed reload, in  0.883 seconds
Platform modules already initialized, skipping
Refreshing native plugins compatible for Editor in 0.37 ms, found 1 plugins.
Preloading 0 native plugins for Editor in 0.00 ms.
Unloading 1852 Unused Serialized files (Serialized files now loaded: 0)
System memory in use before: 102.4 MB.
System memory in use after: 102.4 MB.

Unloading 11 unused Assets to reduce memory usage. Loaded Objects now: 2366.
Total: 2.074900 ms (FindLiveObjects: 0.335800 ms CreateObjectMapping: 0.045800 ms MarkObjects: 1.573500 ms  DeleteObjects: 0.118600 ms)

========================================================================
Received Import Request.
  Time since last request: 32.239443 seconds.
  path: Assets/Restart.cs
  artifactKey: Guid(48c5a81694543774393d5797f034db64) Importer(815301076,1909f56bfc062723c751e8b465ee728b)
Start importing Assets/Restart.cs using Guid(48c5a81694543774393d5797f034db64) Importer(815301076,1909f56bfc062723c751e8b465ee728b)  -> (artifact id: 'f4e5ad325582dcb299242e36de6adcef') in 0.009022 seconds
  Import took 0.012353 seconds .

========================================================================
Received Import Request.
  Time since last request: 2.313024 seconds.
  path: Assets/SwitchTest.cs
  artifactKey: Guid(4843b2b218d3d6d45b2fcbc58fb41cc3) Importer(815301076,1909f56bfc062723c751e8b465ee728b)
Start importing Assets/SwitchTest.cs using Guid(4843b2b218d3d6d45b2fcbc58fb41cc3) Importer(815301076,1909f56bfc062723c751e8b465ee728b)  -> (artifact id: 'b649dae4f7cb6a56fb8d277f26c2cd1d') in 0.006520 seconds
  Import took 0.009536 seconds .

========================================================================
Received Import Request.
  Time since last request: 0.022482 seconds.
  path: Assets/SwitchTest.cs
  artifactKey: Guid(4843b2b218d3d6d45b2fcbc58fb41cc3) Importer(815301076,1909f56bfc062723c751e8b465ee728b)
Start importing Assets/SwitchTest.cs using Guid(4843b2b218d3d6d45b2fcbc58fb41cc3) Importer(815301076,1909f56bfc062723c751e8b465ee728b)  -> (artifact id: 'b649dae4f7cb6a56fb8d277f26c2cd1d') in 0.002065 seconds
  Import took 0.005453 seconds .

========================================================================
Received Import Request.
  Time since last request: 53.025808 seconds.
  path: Assets/Scripts/CameraFollow.cs
  artifactKey: Guid(6027bc1bc401ca64bb5bac5aa7d12edc) Importer(815301076,1909f56bfc062723c751e8b465ee728b)
Start importing Assets/Scripts/CameraFollow.cs using Guid(6027bc1bc401ca64bb5bac5aa7d12edc) Importer(815301076,1909f56bfc062723c751e8b465ee728b)  -> (artifact id: 'c9227ffaaa1ffadab24bb442438ef251') in 0.009624 seconds
  Import took 0.012843 seconds .

========================================================================
Received Import Request.
  Time since last request: 10.595852 seconds.
  path: Assets/Scripts/Score.cs
  artifactKey: Guid(6d53796c981db7c48ab6ac7c196ef0dd) Importer(815301076,1909f56bfc062723c751e8b465ee728b)
Start importing Assets/Scripts/Score.cs using Guid(6d53796c981db7c48ab6ac7c196ef0dd) Importer(815301076,1909f56bfc062723c751e8b465ee728b)  -> (artifact id: 'cd2dae605747e1a259a5dd574626aec0') in 0.007143 seconds
  Import took 0.010683 seconds .

========================================================================
Received Prepare
Registering precompiled user dll's ...
Registered in 0.001007 seconds.
Begin MonoManager ReloadAssembly
Native extension for WindowsStandalone target not found
Native extension for WebGL target not found
Refreshing native plugins compatible for Editor in 0.42 ms, found 1 plugins.
Preloading 0 native plugins for Editor in 0.00 ms.
Mono: successfully reloaded assembly
- Completed reload, in  0.779 seconds
Platform modules already initialized, skipping
Refreshing native plugins compatible for Editor in 0.40 ms, found 1 plugins.
Preloading 0 native plugins for Editor in 0.00 ms.
Unloading 1852 Unused Serialized files (Serialized files now loaded: 0)
System memory in use before: 102.4 MB.
System memory in use after: 102.4 MB.

Unloading 11 unused Assets to reduce memory usage. Loaded Objects now: 2370.
Total: 2.131400 ms (FindLiveObjects: 0.308900 ms CreateObjectMapping: 0.062000 ms MarkObjects: 1.654300 ms  DeleteObjects: 0.105000 ms)

========================================================================
Received Import Request.
  Time since last request: 43.930946 seconds.
  path: Assets/Scripts/Score.cs
  artifactKey: Guid(6d53796c981db7c48ab6ac7c196ef0dd) Importer(815301076,1909f56bfc062723c751e8b465ee728b)
Start importing Assets/Scripts/Score.cs using Guid(6d53796c981db7c48ab6ac7c196ef0dd) Importer(815301076,1909f56bfc062723c751e8b465ee728b)  -> (artifact id: 'b2f8ac9ce0f4dec295c65c8cbcd9958f') in 0.005221 seconds
  Import took 0.008770 seconds .

========================================================================
Received Prepare
Registering precompiled user dll's ...
Registered in 0.000904 seconds.
Begin MonoManager ReloadAssembly
Native extension for WindowsStandalone target not found
Native extension for WebGL target not found
Refreshing native plugins compatible for Editor in 0.38 ms, found 1 plugins.
Preloading 0 native plugins for Editor in 0.00 ms.
Mono: successfully reloaded assembly
- Completed reload, in  0.753 seconds
Platform modules already initialized, skipping
Refreshing native plugins compatible for Editor in 0.37 ms, found 1 plugins.
Preloading 0 native plugins for Editor in 0.00 ms.
Unloading 1852 Unused Serialized files (Serialized files now loaded: 0)
System memory in use before: 102.4 MB.
System memory in use after: 102.4 MB.

Unloading 11 unused Assets to reduce memory usage. Loaded Objects now: 2374.
Total: 1.971600 ms (FindLiveObjects: 0.205400 ms CreateObjectMapping: 0.047600 ms MarkObjects: 1.626300 ms  DeleteObjects: 0.091300 ms)

========================================================================
Received Import Request.
  Time since last request: 109.810272 seconds.
  path: Assets/Scripts/Weapon.cs
  artifactKey: Guid(783678d944ca744408ff1ef985d0afe9) Importer(815301076,1909f56bfc062723c751e8b465ee728b)
Start importing Assets/Scripts/Weapon.cs using Guid(783678d944ca744408ff1ef985d0afe9) Importer(815301076,1909f56bfc062723c751e8b465ee728b)  -> (artifact id: '03b827d8e0786f8f63db0bb61153a8b7') in 0.010848 seconds
  Import took 0.014417 seconds .

========================================================================
Received Prepare
Registering precompiled user dll's ...
Registered in 0.000904 seconds.
Begin MonoManager ReloadAssembly
Native extension for WindowsStandalone target not found
Native extension for WebGL target not found
Refreshing native plugins compatible for Editor in 0.39 ms, found 1 plugins.
Preloading 0 native plugins for Editor in 0.00 ms.
Mono: successfully reloaded assembly
- Completed reload, in  0.751 seconds
Platform modules already initialized, skipping
Refreshing native plugins compatible for Editor in 0.38 ms, found 1 plugins.
Preloading 0 native plugins for Editor in 0.00 ms.
Unloading 1852 Unused Serialized files (Serialized files now loaded: 0)
System memory in use before: 102.2 MB.
System memory in use after: 102.3 MB.

Unloading 11 unused Assets to reduce memory usage. Loaded Objects now: 2378.
Total: 1.989300 ms (FindLiveObjects: 0.221800 ms CreateObjectMapping: 0.051000 ms MarkObjects: 1.565100 ms  DeleteObjects: 0.150500 ms)

========================================================================
Received Prepare
Registering precompiled user dll's ...
Registered in 0.000881 seconds.
Begin MonoManager ReloadAssembly
Native extension for WindowsStandalone target not found
Native extension for WebGL target not found
Refreshing native plugins compatible for Editor in 0.38 ms, found 1 plugins.
Preloading 0 native plugins for Editor in 0.00 ms.
Mono: successfully reloaded assembly
- Completed reload, in  0.739 seconds
Platform modules already initialized, skipping
Refreshing native plugins compatible for Editor in 0.40 ms, found 1 plugins.
Preloading 0 native plugins for Editor in 0.00 ms.
Unloading 1852 Unused Serialized files (Serialized files now loaded: 0)
System memory in use before: 102.3 MB.
System memory in use after: 102.3 MB.

Unloading 11 unused Assets to reduce memory usage. Loaded Objects now: 2382.
Total: 2.021500 ms (FindLiveObjects: 0.245700 ms CreateObjectMapping: 0.047200 ms MarkObjects: 1.623300 ms  DeleteObjects: 0.103400 ms)

========================================================================
Received Import Request.
  Time since last request: 60.523120 seconds.
  path: Assets/tank_right.prefab
  artifactKey: Guid(feb4115b2d69e4f46ab8a53adb88d205) Importer(815301076,1909f56bfc062723c751e8b465ee728b)
Start importing Assets/tank_right.prefab using Guid(feb4115b2d69e4f46ab8a53adb88d205) Importer(815301076,1909f56bfc062723c751e8b465ee728b)  -> (artifact id: '35f3b4fb24494abce4ed22d110bbece1') in 0.054827 seconds
  Import took 0.058486 seconds .

========================================================================
Received Import Request.
  Time since last request: 3.825643 seconds.
  path: Assets/Crosshair.cs
  artifactKey: Guid(2fda41f58e7b7ed4ab2d9d5081b174e1) Importer(815301076,1909f56bfc062723c751e8b465ee728b)
Start importing Assets/Crosshair.cs using Guid(2fda41f58e7b7ed4ab2d9d5081b174e1) Importer(815301076,1909f56bfc062723c751e8b465ee728b)  -> (artifact id: '3857eaae852491819006626109fef95d') in 0.006717 seconds
  Import took 0.010101 seconds .

========================================================================
Received Import Request.
  Time since last request: 5.880373 seconds.
  path: Assets/healthPack.cs
  artifactKey: Guid(88f24387139b16b448a69d0c24ce3390) Importer(815301076,1909f56bfc062723c751e8b465ee728b)
Start importing Assets/healthPack.cs using Guid(88f24387139b16b448a69d0c24ce3390) Importer(815301076,1909f56bfc062723c751e8b465ee728b)  -> (artifact id: '21c21c826bbf12f64293560ce9fbd6eb') in 0.002425 seconds
  Import took 0.005580 seconds .

========================================================================
Received Prepare
Registering precompiled user dll's ...
Registered in 0.000888 seconds.
Begin MonoManager ReloadAssembly
Native extension for WindowsStandalone target not found
Native extension for WebGL target not found
Refreshing native plugins compatible for Editor in 0.38 ms, found 1 plugins.
Preloading 0 native plugins for Editor in 0.00 ms.
Mono: successfully reloaded assembly
- Completed reload, in  0.815 seconds
Platform modules already initialized, skipping
Refreshing native plugins compatible for Editor in 0.64 ms, found 1 plugins.
Preloading 0 native plugins for Editor in 0.00 ms.
Unloading 1851 Unused Serialized files (Serialized files now loaded: 0)
System memory in use before: 102.3 MB.
System memory in use after: 102.3 MB.

Unloading 12 unused Assets to reduce memory usage. Loaded Objects now: 2386.
Total: 5.569600 ms (FindLiveObjects: 0.358700 ms CreateObjectMapping: 0.061400 ms MarkObjects: 4.968600 ms  DeleteObjects: 0.178700 ms)

========================================================================
Received Prepare
Registering precompiled user dll's ...
Registered in 0.000983 seconds.
Begin MonoManager ReloadAssembly
Native extension for WindowsStandalone target not found
Native extension for WebGL target not found
Refreshing native plugins compatible for Editor in 0.39 ms, found 1 plugins.
Preloading 0 native plugins for Editor in 0.00 ms.
Mono: successfully reloaded assembly
- Completed reload, in  0.772 seconds
Platform modules already initialized, skipping
Refreshing native plugins compatible for Editor in 0.55 ms, found 1 plugins.
Preloading 0 native plugins for Editor in 0.00 ms.
Unloading 1851 Unused Serialized files (Serialized files now loaded: 0)
System memory in use before: 102.3 MB.
System memory in use after: 102.3 MB.

Unloading 11 unused Assets to reduce memory usage. Loaded Objects now: 2390.
Total: 1.962900 ms (FindLiveObjects: 0.219500 ms CreateObjectMapping: 0.046900 ms MarkObjects: 1.542600 ms  DeleteObjects: 0.152600 ms)

========================================================================
Received Import Request.
  Time since last request: 118.528043 seconds.
  path: Assets/tank_left.controller
  artifactKey: Guid(94e1018746be88646bf2878e78b59f40) Importer(815301076,1909f56bfc062723c751e8b465ee728b)
Start importing Assets/tank_left.controller using Guid(94e1018746be88646bf2878e78b59f40) Importer(815301076,1909f56bfc062723c751e8b465ee728b)  -> (artifact id: 'bb270ef3f9ce2576e53d6e32bf62ce0e') in 0.016272 seconds
  Import took 0.019776 seconds .

========================================================================
Received Import Request.
  Time since last request: 0.463069 seconds.
  path: Assets/tank_left.cs
  artifactKey: Guid(42fe3fd508e9bc247b68253e5ac01056) Importer(815301076,1909f56bfc062723c751e8b465ee728b)
Start importing Assets/tank_left.cs using Guid(42fe3fd508e9bc247b68253e5ac01056) Importer(815301076,1909f56bfc062723c751e8b465ee728b)  -> (artifact id: '9590aec4e511e0565f61b35cebb7cf8b') in 0.004260 seconds
  Import took 0.009465 seconds .

========================================================================
Received Import Request.
  Time since last request: 7.539958 seconds.
  path: Assets/tank_right.cs
  artifactKey: Guid(88c545f48acd0d14faf9316d5a30ce41) Importer(815301076,1909f56bfc062723c751e8b465ee728b)
Start importing Assets/tank_right.cs using Guid(88c545f48acd0d14faf9316d5a30ce41) Importer(815301076,1909f56bfc062723c751e8b465ee728b)  -> (artifact id: '86415e69008289da8c0db5750e452260') in 0.002311 seconds
  Import took 0.005480 seconds .

========================================================================
Received Prepare
Registering precompiled user dll's ...
Registered in 0.001081 seconds.
Begin MonoManager ReloadAssembly
Native extension for WindowsStandalone target not found
Native extension for WebGL target not found
Refreshing native plugins compatible for Editor in 0.41 ms, found 1 plugins.
Preloading 0 native plugins for Editor in 0.00 ms.
Mono: successfully reloaded assembly
- Completed reload, in  0.892 seconds
Platform modules already initialized, skipping
Refreshing native plugins compatible for Editor in 0.37 ms, found 1 plugins.
Preloading 0 native plugins for Editor in 0.00 ms.
Unloading 1850 Unused Serialized files (Serialized files now loaded: 0)
System memory in use before: 102.2 MB.
System memory in use after: 102.3 MB.

Unloading 12 unused Assets to reduce memory usage. Loaded Objects now: 2393.
Total: 2.617800 ms (FindLiveObjects: 0.320900 ms CreateObjectMapping: 0.060800 ms MarkObjects: 2.100900 ms  DeleteObjects: 0.133900 ms)

========================================================================
Received Import Request.
  Time since last request: 64.036272 seconds.
  path: Assets/Prefabs
  artifactKey: Guid(0dd5dbb29604c984985474b2905cc185) Importer(815301076,1909f56bfc062723c751e8b465ee728b)
Start importing Assets/Prefabs using Guid(0dd5dbb29604c984985474b2905cc185) Importer(815301076,1909f56bfc062723c751e8b465ee728b)  -> (artifact id: 'f64b51c2ffa9887e8a0f45bdac253412') in 0.009254 seconds
  Import took 0.012611 seconds .

========================================================================
Received Prepare
Registering precompiled user dll's ...
Registered in 0.001457 seconds.
Begin MonoManager ReloadAssembly
Native extension for WindowsStandalone target not found
Native extension for WebGL target not found
Refreshing native plugins compatible for Editor in 0.38 ms, found 1 plugins.
Preloading 0 native plugins for Editor in 0.00 ms.
Mono: successfully reloaded assembly
- Completed reload, in  0.922 seconds
Platform modules already initialized, skipping
Refreshing native plugins compatible for Editor in 0.48 ms, found 1 plugins.
Preloading 0 native plugins for Editor in 0.00 ms.
Unloading 1850 Unused Serialized files (Serialized files now loaded: 0)
System memory in use before: 102.3 MB.
System memory in use after: 102.3 MB.

Unloading 11 unused Assets to reduce memory usage. Loaded Objects now: 2397.
Total: 2.191800 ms (FindLiveObjects: 0.338800 ms CreateObjectMapping: 0.066700 ms MarkObjects: 1.671400 ms  DeleteObjects: 0.113400 ms)

========================================================================
Received Prepare
Registering precompiled user dll's ...
Registered in 0.000831 seconds.
Begin MonoManager ReloadAssembly
Native extension for WindowsStandalone target not found
Native extension for WebGL target not found
Refreshing native plugins compatible for Editor in 0.39 ms, found 1 plugins.
Preloading 0 native plugins for Editor in 0.00 ms.
Mono: successfully reloaded assembly
- Completed reload, in  0.858 seconds
Platform modules already initialized, skipping
Refreshing native plugins compatible for Editor in 0.43 ms, found 1 plugins.
Preloading 0 native plugins for Editor in 0.00 ms.
Unloading 1850 Unused Serialized files (Serialized files now loaded: 0)
System memory in use before: 102.3 MB.
System memory in use after: 102.3 MB.

Unloading 11 unused Assets to reduce memory usage. Loaded Objects now: 2401.
Total: 2.101600 ms (FindLiveObjects: 0.242400 ms CreateObjectMapping: 0.045000 ms MarkObjects: 1.702400 ms  DeleteObjects: 0.110300 ms)

========================================================================
Received Prepare
Registering precompiled user dll's ...
Registered in 0.001572 seconds.
Begin MonoManager ReloadAssembly
Native extension for WindowsStandalone target not found
Native extension for WebGL target not found
Refreshing native plugins compatible for Editor in 0.55 ms, found 1 plugins.
Preloading 0 native plugins for Editor in 0.00 ms.
Mono: successfully reloaded assembly
- Completed reload, in  0.827 seconds
Platform modules already initialized, skipping
Refreshing native plugins compatible for Editor in 0.37 ms, found 1 plugins.
Preloading 0 native plugins for Editor in 0.00 ms.
Unloading 1850 Unused Serialized files (Serialized files now loaded: 0)
System memory in use before: 102.3 MB.
System memory in use after: 102.3 MB.

Unloading 11 unused Assets to reduce memory usage. Loaded Objects now: 2405.
Total: 2.331000 ms (FindLiveObjects: 0.378200 ms CreateObjectMapping: 0.057800 ms MarkObjects: 1.792100 ms  DeleteObjects: 0.101300 ms)

========================================================================
Received Prepare
Registering precompiled user dll's ...
Registered in 0.001739 seconds.
Begin MonoManager ReloadAssembly
Native extension for WindowsStandalone target not found
Native extension for WebGL target not found
Refreshing native plugins compatible for Editor in 0.62 ms, found 1 plugins.
Preloading 0 native plugins for Editor in 0.00 ms.
Mono: successfully reloaded assembly
- Completed reload, in  0.957 seconds
Platform modules already initialized, skipping
Refreshing native plugins compatible for Editor in 0.42 ms, found 1 plugins.
Preloading 0 native plugins for Editor in 0.00 ms.
Unloading 1850 Unused Serialized files (Serialized files now loaded: 0)
System memory in use before: 102.3 MB.
System memory in use after: 102.3 MB.

Unloading 11 unused Assets to reduce memory usage. Loaded Objects now: 2409.
Total: 3.991800 ms (FindLiveObjects: 0.329300 ms CreateObjectMapping: 0.059900 ms MarkObjects: 3.457800 ms  DeleteObjects: 0.143300 ms)

========================================================================
Received Prepare
Registering precompiled user dll's ...
Registered in 0.000855 seconds.
Begin MonoManager ReloadAssembly
Native extension for WindowsStandalone target not found
Native extension for WebGL target not found
Refreshing native plugins compatible for Editor in 0.38 ms, found 1 plugins.
Preloading 0 native plugins for Editor in 0.00 ms.
Mono: successfully reloaded assembly
- Completed reload, in  0.797 seconds
Platform modules already initialized, skipping
Refreshing native plugins compatible for Editor in 0.38 ms, found 1 plugins.
Preloading 0 native plugins for Editor in 0.00 ms.
Unloading 1850 Unused Serialized files (Serialized files now loaded: 0)
System memory in use before: 102.3 MB.
System memory in use after: 102.3 MB.

Unloading 11 unused Assets to reduce memory usage. Loaded Objects now: 2413.
Total: 2.192100 ms (FindLiveObjects: 0.325600 ms CreateObjectMapping: 0.060500 ms MarkObjects: 1.701600 ms  DeleteObjects: 0.103100 ms)

========================================================================
Received Prepare
Registering precompiled user dll's ...
Registered in 0.000888 seconds.
Begin MonoManager ReloadAssembly
Native extension for WindowsStandalone target not found
Native extension for WebGL target not found
Refreshing native plugins compatible for Editor in 0.38 ms, found 1 plugins.
Preloading 0 native plugins for Editor in 0.00 ms.
Mono: successfully reloaded assembly
- Completed reload, in  0.820 seconds
Platform modules already initialized, skipping
Refreshing native plugins compatible for Editor in 0.42 ms, found 1 plugins.
Preloading 0 native plugins for Editor in 0.00 ms.
Unloading 1850 Unused Serialized files (Serialized files now loaded: 0)
System memory in use before: 102.3 MB.
System memory in use after: 102.3 MB.

Unloading 11 unused Assets to reduce memory usage. Loaded Objects now: 2417.
Total: 2.800600 ms (FindLiveObjects: 0.208200 ms CreateObjectMapping: 0.044600 ms MarkObjects: 2.409600 ms  DeleteObjects: 0.137100 ms)

========================================================================
Received Prepare
Registering precompiled user dll's ...
Registered in 0.000936 seconds.
Begin MonoManager ReloadAssembly
Native extension for WindowsStandalone target not found
Native extension for WebGL target not found
Refreshing native plugins compatible for Editor in 0.46 ms, found 1 plugins.
Preloading 0 native plugins for Editor in 0.00 ms.
Mono: successfully reloaded assembly
- Completed reload, in  0.829 seconds
Platform modules already initialized, skipping
Refreshing native plugins compatible for Editor in 0.41 ms, found 1 plugins.
Preloading 0 native plugins for Editor in 0.00 ms.
Unloading 1850 Unused Serialized files (Serialized files now loaded: 0)
System memory in use before: 102.3 MB.
System memory in use after: 102.3 MB.

Unloading 11 unused Assets to reduce memory usage. Loaded Objects now: 2421.
Total: 1.863700 ms (FindLiveObjects: 0.219600 ms CreateObjectMapping: 0.045400 ms MarkObjects: 1.502700 ms  DeleteObjects: 0.094800 ms)

========================================================================
Received Prepare
Registering precompiled user dll's ...
Registered in 0.000918 seconds.
Begin MonoManager ReloadAssembly
Native extension for WindowsStandalone target not found
Native extension for WebGL target not found
Refreshing native plugins compatible for Editor in 0.38 ms, found 1 plugins.
Preloading 0 native plugins for Editor in 0.00 ms.
Mono: successfully reloaded assembly
- Completed reload, in  0.770 seconds
Platform modules already initialized, skipping
Refreshing native plugins compatible for Editor in 0.49 ms, found 1 plugins.
Preloading 0 native plugins for Editor in 0.00 ms.
Unloading 1850 Unused Serialized files (Serialized files now loaded: 0)
System memory in use before: 102.3 MB.
System memory in use after: 102.3 MB.

Unloading 11 unused Assets to reduce memory usage. Loaded Objects now: 2425.
Total: 1.914500 ms (FindLiveObjects: 0.246100 ms CreateObjectMapping: 0.050600 ms MarkObjects: 1.520300 ms  DeleteObjects: 0.096200 ms)

========================================================================
Received Prepare
Registering precompiled user dll's ...
Registered in 0.000937 seconds.
Begin MonoManager ReloadAssembly
Native extension for WindowsStandalone target not found
Native extension for WebGL target not found
Refreshing native plugins compatible for Editor in 0.38 ms, found 1 plugins.
Preloading 0 native plugins for Editor in 0.00 ms.
Mono: successfully reloaded assembly
- Completed reload, in  0.783 seconds
Platform modules already initialized, skipping
Refreshing native plugins compatible for Editor in 0.43 ms, found 1 plugins.
Preloading 0 native plugins for Editor in 0.00 ms.
Unloading 1850 Unused Serialized files (Serialized files now loaded: 0)
System memory in use before: 102.3 MB.
System memory in use after: 102.4 MB.

Unloading 11 unused Assets to reduce memory usage. Loaded Objects now: 2429.
Total: 1.958200 ms (FindLiveObjects: 0.248500 ms CreateObjectMapping: 0.044100 ms MarkObjects: 1.560500 ms  DeleteObjects: 0.104100 ms)

========================================================================
Received Prepare
Registering precompiled user dll's ...
Registered in 0.000876 seconds.
Begin MonoManager ReloadAssembly
Native extension for WindowsStandalone target not found
Native extension for WebGL target not found
Refreshing native plugins compatible for Editor in 0.42 ms, found 1 plugins.
Preloading 0 native plugins for Editor in 0.00 ms.
Mono: successfully reloaded assembly
- Completed reload, in  0.808 seconds
Platform modules already initialized, skipping
Refreshing native plugins compatible for Editor in 0.39 ms, found 1 plugins.
Preloading 0 native plugins for Editor in 0.00 ms.
Unloading 1850 Unused Serialized files (Serialized files now loaded: 0)
System memory in use before: 102.3 MB.
System memory in use after: 102.4 MB.

Unloading 11 unused Assets to reduce memory usage. Loaded Objects now: 2433.
Total: 2.053200 ms (FindLiveObjects: 0.253200 ms CreateObjectMapping: 0.048700 ms MarkObjects: 1.638800 ms  DeleteObjects: 0.110700 ms)

========================================================================
Received Prepare
Registering precompiled user dll's ...
Registered in 0.000921 seconds.
Begin MonoManager ReloadAssembly
Native extension for WindowsStandalone target not found
Native extension for WebGL target not found
Refreshing native plugins compatible for Editor in 0.39 ms, found 1 plugins.
Preloading 0 native plugins for Editor in 0.00 ms.
Mono: successfully reloaded assembly
- Completed reload, in  0.872 seconds
Platform modules already initialized, skipping
Refreshing native plugins compatible for Editor in 0.37 ms, found 1 plugins.
Preloading 0 native plugins for Editor in 0.00 ms.
Unloading 1850 Unused Serialized files (Serialized files now loaded: 0)
System memory in use before: 102.4 MB.
System memory in use after: 102.4 MB.

Unloading 11 unused Assets to reduce memory usage. Loaded Objects now: 2437.
Total: 1.860700 ms (FindLiveObjects: 0.217700 ms CreateObjectMapping: 0.045000 ms MarkObjects: 1.498700 ms  DeleteObjects: 0.097500 ms)

========================================================================
Received Import Request.
  Time since last request: 111.860526 seconds.
  path: Assets/Animation
  artifactKey: Guid(9863c259ba2c1a1409737164e3ee1200) Importer(815301076,1909f56bfc062723c751e8b465ee728b)
Start importing Assets/Animation using Guid(9863c259ba2c1a1409737164e3ee1200) Importer(815301076,1909f56bfc062723c751e8b465ee728b)  -> (artifact id: 'da83978467ee7b080287e1feb900740c') in 0.009033 seconds
  Import took 0.012203 seconds .

========================================================================
Received Import Request.
  Time since last request: 29.042370 seconds.
  path: Assets/Music
  artifactKey: Guid(8693e6453883999448307c5c6f7ea221) Importer(815301076,1909f56bfc062723c751e8b465ee728b)
Start importing Assets/Music using Guid(8693e6453883999448307c5c6f7ea221) Importer(815301076,1909f56bfc062723c751e8b465ee728b)  -> (artifact id: '4984f452e038acb46dea7723d2413dee') in 0.007336 seconds
  Import took 0.011438 seconds .

========================================================================
Received Import Request.
  Time since last request: 0.000373 seconds.
  path: Assets/Music
  artifactKey: Guid(8693e6453883999448307c5c6f7ea221) Importer(815301076,1909f56bfc062723c751e8b465ee728b)
Start importing Assets/Music using Guid(8693e6453883999448307c5c6f7ea221) Importer(815301076,1909f56bfc062723c751e8b465ee728b)  -> (artifact id: '4984f452e038acb46dea7723d2413dee') in 0.002406 seconds
  Import took 0.005675 seconds .

========================================================================
Received Prepare
Registering precompiled user dll's ...
Registered in 0.001041 seconds.
Begin MonoManager ReloadAssembly
Native extension for WindowsStandalone target not found
Native extension for WebGL target not found
Refreshing native plugins compatible for Editor in 0.39 ms, found 1 plugins.
Preloading 0 native plugins for Editor in 0.00 ms.
Mono: successfully reloaded assembly
- Completed reload, in  0.732 seconds
Platform modules already initialized, skipping
Refreshing native plugins compatible for Editor in 0.37 ms, found 1 plugins.
Preloading 0 native plugins for Editor in 0.00 ms.
Unloading 1850 Unused Serialized files (Serialized files now loaded: 0)
System memory in use before: 102.4 MB.
System memory in use after: 102.4 MB.

Unloading 11 unused Assets to reduce memory usage. Loaded Objects now: 2441.
Total: 2.624400 ms (FindLiveObjects: 0.309500 ms CreateObjectMapping: 0.059500 ms MarkObjects: 2.120800 ms  DeleteObjects: 0.133400 ms)

========================================================================
Received Import Request.
  Time since last request: 91.369852 seconds.
  path: Assets/Scripts/SwitchTest.cs
  artifactKey: Guid(4843b2b218d3d6d45b2fcbc58fb41cc3) Importer(815301076,1909f56bfc062723c751e8b465ee728b)
Start importing Assets/Scripts/SwitchTest.cs using Guid(4843b2b218d3d6d45b2fcbc58fb41cc3) Importer(815301076,1909f56bfc062723c751e8b465ee728b)  -> (artifact id: '3b8e3388a6b9a08cc25f0d5911f818ac') in 0.006902 seconds
  Import took 0.009964 seconds .

========================================================================
Received Import Request.
  Time since last request: 8.769028 seconds.
  path: Assets/Scripts/SwitchAvatar.cs
  artifactKey: Guid(4843b2b218d3d6d45b2fcbc58fb41cc3) Importer(815301076,1909f56bfc062723c751e8b465ee728b)
Start importing Assets/Scripts/SwitchAvatar.cs using Guid(4843b2b218d3d6d45b2fcbc58fb41cc3) Importer(815301076,1909f56bfc062723c751e8b465ee728b)  -> (artifact id: '63658a43fecdf9878deaacddaba0e860') in 0.006998 seconds
  Import took 0.010606 seconds .

========================================================================
Received Import Request.
  Time since last request: 26.426808 seconds.
  path: Assets/Scripts/SwitchAvatar.cs
  artifactKey: Guid(4843b2b218d3d6d45b2fcbc58fb41cc3) Importer(815301076,1909f56bfc062723c751e8b465ee728b)
Start importing Assets/Scripts/SwitchAvatar.cs using Guid(4843b2b218d3d6d45b2fcbc58fb41cc3) Importer(815301076,1909f56bfc062723c751e8b465ee728b)  -> (artifact id: 'd4db29fa6050b0cbd3f1e64482a1a5a1') in 0.002167 seconds
  Import took 0.005115 seconds .

========================================================================
Received Import Request.
  Time since last request: 7.347599 seconds.
  path: Assets/Scripts/AvatarSwitch.cs
  artifactKey: Guid(4843b2b218d3d6d45b2fcbc58fb41cc3) Importer(815301076,1909f56bfc062723c751e8b465ee728b)
Start importing Assets/Scripts/AvatarSwitch.cs using Guid(4843b2b218d3d6d45b2fcbc58fb41cc3) Importer(815301076,1909f56bfc062723c751e8b465ee728b)  -> (artifact id: 'ce4b0be763599b0f4ef762fdab2809f5') in 0.007823 seconds
  Import took 0.010974 seconds .

========================================================================
Received Prepare
Registering precompiled user dll's ...
Registered in 0.000886 seconds.
Begin MonoManager ReloadAssembly
Native extension for WindowsStandalone target not found
Native extension for WebGL target not found
Refreshing native plugins compatible for Editor in 0.39 ms, found 1 plugins.
Preloading 0 native plugins for Editor in 0.00 ms.
Mono: successfully reloaded assembly
- Completed reload, in  0.879 seconds
Platform modules already initialized, skipping
Refreshing native plugins compatible for Editor in 0.45 ms, found 1 plugins.
Preloading 0 native plugins for Editor in 0.00 ms.
Unloading 1850 Unused Serialized files (Serialized files now loaded: 0)
System memory in use before: 102.4 MB.
System memory in use after: 102.4 MB.

Unloading 11 unused Assets to reduce memory usage. Loaded Objects now: 2445.
Total: 2.686200 ms (FindLiveObjects: 0.291900 ms CreateObjectMapping: 0.061500 ms MarkObjects: 2.226900 ms  DeleteObjects: 0.104300 ms)

========================================================================
Received Prepare
Registering precompiled user dll's ...
Registered in 0.000873 seconds.
Begin MonoManager ReloadAssembly
Native extension for WindowsStandalone target not found
Native extension for WebGL target not found
Refreshing native plugins compatible for Editor in 0.37 ms, found 1 plugins.
Preloading 0 native plugins for Editor in 0.00 ms.
Mono: successfully reloaded assembly
- Completed reload, in  0.754 seconds
Platform modules already initialized, skipping
Refreshing native plugins compatible for Editor in 0.43 ms, found 1 plugins.
Preloading 0 native plugins for Editor in 0.00 ms.
Unloading 1850 Unused Serialized files (Serialized files now loaded: 0)
System memory in use before: 102.4 MB.
System memory in use after: 102.4 MB.

Unloading 11 unused Assets to reduce memory usage. Loaded Objects now: 2449.
Total: 2.252300 ms (FindLiveObjects: 0.298000 ms CreateObjectMapping: 0.075700 ms MarkObjects: 1.771100 ms  DeleteObjects: 0.105800 ms)

========================================================================
Received Prepare
Registering precompiled user dll's ...
Registered in 0.000907 seconds.
Begin MonoManager ReloadAssembly
Native extension for WindowsStandalone target not found
Native extension for WebGL target not found
Refreshing native plugins compatible for Editor in 0.37 ms, found 1 plugins.
Preloading 0 native plugins for Editor in 0.00 ms.
Mono: successfully reloaded assembly
- Completed reload, in  0.822 seconds
Platform modules already initialized, skipping
Refreshing native plugins compatible for Editor in 0.38 ms, found 1 plugins.
Preloading 0 native plugins for Editor in 0.00 ms.
Unloading 1850 Unused Serialized files (Serialized files now loaded: 0)
System memory in use before: 102.4 MB.
System memory in use after: 102.4 MB.

Unloading 11 unused Assets to reduce memory usage. Loaded Objects now: 2453.
Total: 2.362300 ms (FindLiveObjects: 0.328500 ms CreateObjectMapping: 0.062300 ms MarkObjects: 1.864900 ms  DeleteObjects: 0.105600 ms)

========================================================================
Received Prepare
Registering precompiled user dll's ...
Registered in 0.001006 seconds.
Begin MonoManager ReloadAssembly
Native extension for WindowsStandalone target not found
Native extension for WebGL target not found
Refreshing native plugins compatible for Editor in 0.38 ms, found 1 plugins.
Preloading 0 native plugins for Editor in 0.00 ms.
Mono: successfully reloaded assembly
- Completed reload, in  0.747 seconds
Platform modules already initialized, skipping
Refreshing native plugins compatible for Editor in 0.38 ms, found 1 plugins.
Preloading 0 native plugins for Editor in 0.00 ms.
Unloading 1850 Unused Serialized files (Serialized files now loaded: 0)
System memory in use before: 102.4 MB.
System memory in use after: 102.4 MB.

Unloading 11 unused Assets to reduce memory usage. Loaded Objects now: 2457.
Total: 1.986800 ms (FindLiveObjects: 0.323300 ms CreateObjectMapping: 0.046900 ms MarkObjects: 1.521300 ms  DeleteObjects: 0.093900 ms)

========================================================================
Received Prepare
Registering precompiled user dll's ...
Registered in 0.001193 seconds.
Begin MonoManager ReloadAssembly
Native extension for WindowsStandalone target not found
Native extension for WebGL target not found
Refreshing native plugins compatible for Editor in 0.37 ms, found 1 plugins.
Preloading 0 native plugins for Editor in 0.00 ms.
Mono: successfully reloaded assembly
- Completed reload, in  0.795 seconds
Platform modules already initialized, skipping
Refreshing native plugins compatible for Editor in 0.37 ms, found 1 plugins.
Preloading 0 native plugins for Editor in 0.00 ms.
Unloading 1850 Unused Serialized files (Serialized files now loaded: 0)
System memory in use before: 102.4 MB.
System memory in use after: 102.4 MB.

Unloading 11 unused Assets to reduce memory usage. Loaded Objects now: 2461.
Total: 1.988900 ms (FindLiveObjects: 0.256700 ms CreateObjectMapping: 0.051700 ms MarkObjects: 1.543900 ms  DeleteObjects: 0.135200 ms)

========================================================================
Received Prepare
Registering precompiled user dll's ...
Registered in 0.000874 seconds.
Begin MonoManager ReloadAssembly
Native extension for WindowsStandalone target not found
Native extension for WebGL target not found
Refreshing native plugins compatible for Editor in 0.40 ms, found 1 plugins.
Preloading 0 native plugins for Editor in 0.00 ms.
Mono: successfully reloaded assembly
- Completed reload, in  0.839 seconds
Platform modules already initialized, skipping
Refreshing native plugins compatible for Editor in 0.39 ms, found 1 plugins.
Preloading 0 native plugins for Editor in 0.00 ms.
Unloading 1850 Unused Serialized files (Serialized files now loaded: 0)
System memory in use before: 102.4 MB.
System memory in use after: 102.4 MB.

Unloading 11 unused Assets to reduce memory usage. Loaded Objects now: 2465.
Total: 2.088300 ms (FindLiveObjects: 0.338100 ms CreateObjectMapping: 0.045600 ms MarkObjects: 1.598000 ms  DeleteObjects: 0.104200 ms)

========================================================================
Received Prepare
Registering precompiled user dll's ...
Registered in 0.000904 seconds.
Begin MonoManager ReloadAssembly
Native extension for WindowsStandalone target not found
Native extension for WebGL target not found
Refreshing native plugins compatible for Editor in 0.38 ms, found 1 plugins.
Preloading 0 native plugins for Editor in 0.00 ms.
Mono: successfully reloaded assembly
- Completed reload, in  0.736 seconds
Platform modules already initialized, skipping
Refreshing native plugins compatible for Editor in 0.38 ms, found 1 plugins.
Preloading 0 native plugins for Editor in 0.00 ms.
Unloading 1850 Unused Serialized files (Serialized files now loaded: 0)
System memory in use before: 102.4 MB.
System memory in use after: 102.4 MB.

Unloading 11 unused Assets to reduce memory usage. Loaded Objects now: 2469.
Total: 1.953500 ms (FindLiveObjects: 0.229600 ms CreateObjectMapping: 0.048400 ms MarkObjects: 1.572500 ms  DeleteObjects: 0.102000 ms)

========================================================================
Received Prepare
Registering precompiled user dll's ...
Registered in 0.000862 seconds.
Begin MonoManager ReloadAssembly
Native extension for WindowsStandalone target not found
Native extension for WebGL target not found
Refreshing native plugins compatible for Editor in 0.41 ms, found 1 plugins.
Preloading 0 native plugins for Editor in 0.00 ms.
Mono: successfully reloaded assembly
- Completed reload, in  0.742 seconds
Platform modules already initialized, skipping
Refreshing native plugins compatible for Editor in 0.38 ms, found 1 plugins.
Preloading 0 native plugins for Editor in 0.00 ms.
Unloading 1850 Unused Serialized files (Serialized files now loaded: 0)
System memory in use before: 102.4 MB.
System memory in use after: 102.5 MB.

Unloading 11 unused Assets to reduce memory usage. Loaded Objects now: 2473.
Total: 2.249500 ms (FindLiveObjects: 0.351200 ms CreateObjectMapping: 0.058300 ms MarkObjects: 1.732100 ms  DeleteObjects: 0.106300 ms)

========================================================================
Received Prepare
Registering precompiled user dll's ...
Registered in 0.001003 seconds.
Begin MonoManager ReloadAssembly
Native extension for WindowsStandalone target not found
Native extension for WebGL target not found
Refreshing native plugins compatible for Editor in 0.40 ms, found 1 plugins.
Preloading 0 native plugins for Editor in 0.00 ms.
Mono: successfully reloaded assembly
- Completed reload, in  0.839 seconds
Platform modules already initialized, skipping
Refreshing native plugins compatible for Editor in 0.37 ms, found 1 plugins.
Preloading 0 native plugins for Editor in 0.00 ms.
Unloading 1850 Unused Serialized files (Serialized files now loaded: 0)
System memory in use before: 102.4 MB.
System memory in use after: 102.5 MB.

Unloading 11 unused Assets to reduce memory usage. Loaded Objects now: 2477.
Total: 1.911100 ms (FindLiveObjects: 0.230400 ms CreateObjectMapping: 0.045600 ms MarkObjects: 1.530100 ms  DeleteObjects: 0.104200 ms)

========================================================================
Received Prepare
Registering precompiled user dll's ...
Registered in 0.000914 seconds.
Begin MonoManager ReloadAssembly
Native extension for WindowsStandalone target not found
Native extension for WebGL target not found
Refreshing native plugins compatible for Editor in 0.42 ms, found 1 plugins.
Preloading 0 native plugins for Editor in 0.00 ms.
Mono: successfully reloaded assembly
- Completed reload, in  0.775 seconds
Platform modules already initialized, skipping
Refreshing native plugins compatible for Editor in 0.38 ms, found 1 plugins.
Preloading 0 native plugins for Editor in 0.00 ms.
Unloading 1850 Unused Serialized files (Serialized files now loaded: 0)
System memory in use before: 102.4 MB.
System memory in use after: 102.5 MB.

Unloading 11 unused Assets to reduce memory usage. Loaded Objects now: 2481.
Total: 2.069500 ms (FindLiveObjects: 0.391000 ms CreateObjectMapping: 0.045300 ms MarkObjects: 1.536700 ms  DeleteObjects: 0.095500 ms)

========================================================================
Received Prepare
Registering precompiled user dll's ...
Registered in 0.000918 seconds.
Begin MonoManager ReloadAssembly
Native extension for WindowsStandalone target not found
Native extension for WebGL target not found
Refreshing native plugins compatible for Editor in 0.39 ms, found 1 plugins.
Preloading 0 native plugins for Editor in 0.00 ms.
Mono: successfully reloaded assembly
- Completed reload, in  0.742 seconds
Platform modules already initialized, skipping
Refreshing native plugins compatible for Editor in 0.39 ms, found 1 plugins.
Preloading 0 native plugins for Editor in 0.00 ms.
Unloading 1850 Unused Serialized files (Serialized files now loaded: 0)
System memory in use before: 102.5 MB.
System memory in use after: 102.5 MB.

Unloading 11 unused Assets to reduce memory usage. Loaded Objects now: 2485.
Total: 2.006900 ms (FindLiveObjects: 0.233200 ms CreateObjectMapping: 0.046600 ms MarkObjects: 1.623100 ms  DeleteObjects: 0.103100 ms)

========================================================================
Received Prepare
Registering precompiled user dll's ...
Registered in 0.000844 seconds.
Begin MonoManager ReloadAssembly
Native extension for WindowsStandalone target not found
Native extension for WebGL target not found
Refreshing native plugins compatible for Editor in 0.39 ms, found 1 plugins.
Preloading 0 native plugins for Editor in 0.00 ms.
Mono: successfully reloaded assembly
- Completed reload, in  0.771 seconds
Platform modules already initialized, skipping
Refreshing native plugins compatible for Editor in 0.38 ms, found 1 plugins.
Preloading 0 native plugins for Editor in 0.00 ms.
Unloading 1850 Unused Serialized files (Serialized files now loaded: 0)
System memory in use before: 102.5 MB.
System memory in use after: 102.5 MB.

Unloading 11 unused Assets to reduce memory usage. Loaded Objects now: 2489.
Total: 1.930900 ms (FindLiveObjects: 0.230400 ms CreateObjectMapping: 0.045200 ms MarkObjects: 1.552700 ms  DeleteObjects: 0.101400 ms)

========================================================================
Received Prepare
Registering precompiled user dll's ...
Registered in 0.000908 seconds.
Begin MonoManager ReloadAssembly
Native extension for WindowsStandalone target not found
Native extension for WebGL target not found
Refreshing native plugins compatible for Editor in 0.38 ms, found 1 plugins.
Preloading 0 native plugins for Editor in 0.00 ms.
Mono: successfully reloaded assembly
- Completed reload, in  0.803 seconds
Platform modules already initialized, skipping
Refreshing native plugins compatible for Editor in 0.37 ms, found 1 plugins.
Preloading 0 native plugins for Editor in 0.00 ms.
Unloading 1850 Unused Serialized files (Serialized files now loaded: 0)
System memory in use before: 102.5 MB.
System memory in use after: 102.5 MB.

Unloading 11 unused Assets to reduce memory usage. Loaded Objects now: 2493.
Total: 1.870300 ms (FindLiveObjects: 0.215400 ms CreateObjectMapping: 0.045600 ms MarkObjects: 1.516800 ms  DeleteObjects: 0.091400 ms)

========================================================================
Received Prepare
Registering precompiled user dll's ...
Registered in 0.000822 seconds.
Begin MonoManager ReloadAssembly
Native extension for WindowsStandalone target not found
Native extension for WebGL target not found
Refreshing native plugins compatible for Editor in 0.40 ms, found 1 plugins.
Preloading 0 native plugins for Editor in 0.00 ms.
Mono: successfully reloaded assembly
- Completed reload, in  0.746 seconds
Platform modules already initialized, skipping
Refreshing native plugins compatible for Editor in 0.59 ms, found 1 plugins.
Preloading 0 native plugins for Editor in 0.00 ms.
Unloading 1850 Unused Serialized files (Serialized files now loaded: 0)
System memory in use before: 102.5 MB.
System memory in use after: 102.5 MB.

Unloading 11 unused Assets to reduce memory usage. Loaded Objects now: 2497.
Total: 2.556800 ms (FindLiveObjects: 0.398600 ms CreateObjectMapping: 0.069400 ms MarkObjects: 1.952900 ms  DeleteObjects: 0.134300 ms)

========================================================================
Received Prepare
Registering precompiled user dll's ...
Registered in 0.000919 seconds.
Begin MonoManager ReloadAssembly
Native extension for WindowsStandalone target not found
Native extension for WebGL target not found
Refreshing native plugins compatible for Editor in 0.39 ms, found 1 plugins.
Preloading 0 native plugins for Editor in 0.00 ms.
Mono: successfully reloaded assembly
- Completed reload, in  0.735 seconds
Platform modules already initialized, skipping
Refreshing native plugins compatible for Editor in 0.38 ms, found 1 plugins.
Preloading 0 native plugins for Editor in 0.00 ms.
Unloading 1850 Unused Serialized files (Serialized files now loaded: 0)
System memory in use before: 102.5 MB.
System memory in use after: 102.5 MB.

Unloading 11 unused Assets to reduce memory usage. Loaded Objects now: 2501.
Total: 2.236800 ms (FindLiveObjects: 0.252600 ms CreateObjectMapping: 0.048800 ms MarkObjects: 1.834600 ms  DeleteObjects: 0.099500 ms)

========================================================================
Received Prepare
Registering precompiled user dll's ...
Registered in 0.000898 seconds.
Begin MonoManager ReloadAssembly
Native extension for WindowsStandalone target not found
Native extension for WebGL target not found
Refreshing native plugins compatible for Editor in 0.40 ms, found 1 plugins.
Preloading 0 native plugins for Editor in 0.00 ms.
Mono: successfully reloaded assembly
- Completed reload, in  0.753 seconds
Platform modules already initialized, skipping
Refreshing native plugins compatible for Editor in 0.41 ms, found 1 plugins.
Preloading 0 native plugins for Editor in 0.00 ms.
Unloading 1850 Unused Serialized files (Serialized files now loaded: 0)
System memory in use before: 102.5 MB.
System memory in use after: 102.5 MB.

Unloading 11 unused Assets to reduce memory usage. Loaded Objects now: 2505.
Total: 2.149600 ms (FindLiveObjects: 0.299900 ms CreateObjectMapping: 0.045800 ms MarkObjects: 1.684000 ms  DeleteObjects: 0.118700 ms)

========================================================================
Received Prepare
Registering precompiled user dll's ...
Registered in 0.000901 seconds.
Begin MonoManager ReloadAssembly
Native extension for WindowsStandalone target not found
Native extension for WebGL target not found
Refreshing native plugins compatible for Editor in 0.55 ms, found 1 plugins.
Preloading 0 native plugins for Editor in 0.00 ms.
Mono: successfully reloaded assembly
- Completed reload, in  0.804 seconds
Platform modules already initialized, skipping
Refreshing native plugins compatible for Editor in 0.62 ms, found 1 plugins.
Preloading 0 native plugins for Editor in 0.00 ms.
Unloading 1850 Unused Serialized files (Serialized files now loaded: 0)
System memory in use before: 102.5 MB.
System memory in use after: 102.5 MB.

Unloading 11 unused Assets to reduce memory usage. Loaded Objects now: 2509.
Total: 2.134700 ms (FindLiveObjects: 0.298400 ms CreateObjectMapping: 0.046100 ms MarkObjects: 1.671700 ms  DeleteObjects: 0.116700 ms)

========================================================================
Received Prepare
Registering precompiled user dll's ...
Registered in 0.000905 seconds.
Begin MonoManager ReloadAssembly
Native extension for WindowsStandalone target not found
Native extension for WebGL target not found
Refreshing native plugins compatible for Editor in 0.37 ms, found 1 plugins.
Preloading 0 native plugins for Editor in 0.00 ms.
Mono: successfully reloaded assembly
- Completed reload, in  0.851 seconds
Platform modules already initialized, skipping
Refreshing native plugins compatible for Editor in 0.38 ms, found 1 plugins.
Preloading 0 native plugins for Editor in 0.00 ms.
Unloading 1850 Unused Serialized files (Serialized files now loaded: 0)
System memory in use before: 102.5 MB.
System memory in use after: 102.5 MB.

Unloading 11 unused Assets to reduce memory usage. Loaded Objects now: 2513.
Total: 2.325900 ms (FindLiveObjects: 0.541300 ms CreateObjectMapping: 0.047000 ms MarkObjects: 1.631000 ms  DeleteObjects: 0.104800 ms)

========================================================================
Received Import Request.
  Time since last request: 1237.961969 seconds.
  path: Assets/Scripts/FirePointAngle.cs
  artifactKey: Guid(aaffaeb38ad40634fbd3f071247559d6) Importer(815301076,1909f56bfc062723c751e8b465ee728b)
Start importing Assets/Scripts/FirePointAngle.cs using Guid(aaffaeb38ad40634fbd3f071247559d6) Importer(815301076,1909f56bfc062723c751e8b465ee728b)  -> (artifact id: '0252296bdbaf2dff797d9856b9a9bc4e') in 0.009266 seconds
  Import took 0.012837 seconds .

========================================================================
Received Prepare
Registering precompiled user dll's ...
Registered in 0.001318 seconds.
Begin MonoManager ReloadAssembly
Native extension for WindowsStandalone target not found
Native extension for WebGL target not found
Refreshing native plugins compatible for Editor in 0.39 ms, found 1 plugins.
Preloading 0 native plugins for Editor in 0.00 ms.
Mono: successfully reloaded assembly
- Completed reload, in  0.780 seconds
Platform modules already initialized, skipping
Refreshing native plugins compatible for Editor in 0.40 ms, found 1 plugins.
Preloading 0 native plugins for Editor in 0.00 ms.
Unloading 1850 Unused Serialized files (Serialized files now loaded: 0)
System memory in use before: 102.5 MB.
System memory in use after: 102.5 MB.

Unloading 11 unused Assets to reduce memory usage. Loaded Objects now: 2517.
Total: 2.968600 ms (FindLiveObjects: 0.251600 ms CreateObjectMapping: 0.046800 ms MarkObjects: 2.542300 ms  DeleteObjects: 0.126300 ms)

========================================================================
Received Import Request.
  Time since last request: 82.067070 seconds.
  path: Assets/Scripts/FirePointAngle.cs
  artifactKey: Guid(aaffaeb38ad40634fbd3f071247559d6) Importer(815301076,1909f56bfc062723c751e8b465ee728b)
Start importing Assets/Scripts/FirePointAngle.cs using Guid(aaffaeb38ad40634fbd3f071247559d6) Importer(815301076,1909f56bfc062723c751e8b465ee728b)  -> (artifact id: 'c7bbaa9536b636d8860f35db5f5c7b54') in 0.008421 seconds
  Import took 0.011937 seconds .

========================================================================
Received Prepare
Registering precompiled user dll's ...
Registered in 0.000916 seconds.
Begin MonoManager ReloadAssembly
Native extension for WindowsStandalone target not found
Native extension for WebGL target not found
Refreshing native plugins compatible for Editor in 0.37 ms, found 1 plugins.
Preloading 0 native plugins for Editor in 0.00 ms.
Mono: successfully reloaded assembly
- Completed reload, in  0.828 seconds
Platform modules already initialized, skipping
Refreshing native plugins compatible for Editor in 0.40 ms, found 1 plugins.
Preloading 0 native plugins for Editor in 0.00 ms.
Unloading 1850 Unused Serialized files (Serialized files now loaded: 0)
System memory in use before: 102.5 MB.
System memory in use after: 102.6 MB.

Unloading 11 unused Assets to reduce memory usage. Loaded Objects now: 2521.
Total: 2.212300 ms (FindLiveObjects: 0.299400 ms CreateObjectMapping: 0.052300 ms MarkObjects: 1.747300 ms  DeleteObjects: 0.112200 ms)

========================================================================
Received Prepare
Registering precompiled user dll's ...
Registered in 0.000934 seconds.
Begin MonoManager ReloadAssembly
Native extension for WindowsStandalone target not found
Native extension for WebGL target not found
Refreshing native plugins compatible for Editor in 0.38 ms, found 1 plugins.
Preloading 0 native plugins for Editor in 0.00 ms.
Mono: successfully reloaded assembly
- Completed reload, in  0.747 seconds
Platform modules already initialized, skipping
Refreshing native plugins compatible for Editor in 0.39 ms, found 1 plugins.
Preloading 0 native plugins for Editor in 0.00 ms.
Unloading 1850 Unused Serialized files (Serialized files now loaded: 0)
System memory in use before: 102.5 MB.
System memory in use after: 102.6 MB.

Unloading 11 unused Assets to reduce memory usage. Loaded Objects now: 2525.
Total: 2.899100 ms (FindLiveObjects: 0.351300 ms CreateObjectMapping: 0.060300 ms MarkObjects: 2.355400 ms  DeleteObjects: 0.130500 ms)

========================================================================
Received Import Request.
  Time since last request: 217.568855 seconds.
  path: Assets/Scripts/healthPack.cs
  artifactKey: Guid(88f24387139b16b448a69d0c24ce3390) Importer(815301076,1909f56bfc062723c751e8b465ee728b)
Start importing Assets/Scripts/healthPack.cs using Guid(88f24387139b16b448a69d0c24ce3390) Importer(815301076,1909f56bfc062723c751e8b465ee728b)  -> (artifact id: '9543005012906e5c97e88faa178d885e') in 0.006004 seconds
  Import took 0.009853 seconds .

========================================================================
Received Import Request.
  Time since last request: 0.000527 seconds.
  path: Assets/Scripts/healthPack.cs
  artifactKey: Guid(88f24387139b16b448a69d0c24ce3390) Importer(815301076,1909f56bfc062723c751e8b465ee728b)
Start importing Assets/Scripts/healthPack.cs using Guid(88f24387139b16b448a69d0c24ce3390) Importer(815301076,1909f56bfc062723c751e8b465ee728b)  -> (artifact id: '9543005012906e5c97e88faa178d885e') in 0.003087 seconds
  Import took 0.006587 seconds .

========================================================================
Received Import Request.
  Time since last request: 0.492543 seconds.
  path: Assets/Scripts/Movement.cs
  artifactKey: Guid(89ee203912563664cabeac26a0ba5644) Importer(815301076,1909f56bfc062723c751e8b465ee728b)
Start importing Assets/Scripts/Movement.cs using Guid(89ee203912563664cabeac26a0ba5644) Importer(815301076,1909f56bfc062723c751e8b465ee728b)  -> (artifact id: '69262a9e8da470b8ace5d626e114de34') in 0.005992 seconds
  Import took 0.009302 seconds .

========================================================================
Received Prepare
Registering precompiled user dll's ...
Registered in 0.000890 seconds.
Begin MonoManager ReloadAssembly
Native extension for WindowsStandalone target not found
Native extension for WebGL target not found
Refreshing native plugins compatible for Editor in 0.39 ms, found 1 plugins.
Preloading 0 native plugins for Editor in 0.00 ms.
Mono: successfully reloaded assembly
- Completed reload, in  0.843 seconds
Platform modules already initialized, skipping
Refreshing native plugins compatible for Editor in 0.41 ms, found 1 plugins.
Preloading 0 native plugins for Editor in 0.00 ms.
Unloading 1850 Unused Serialized files (Serialized files now loaded: 0)
System memory in use before: 102.5 MB.
System memory in use after: 102.6 MB.

Unloading 11 unused Assets to reduce memory usage. Loaded Objects now: 2529.
Total: 3.536400 ms (FindLiveObjects: 0.369600 ms CreateObjectMapping: 0.067600 ms MarkObjects: 2.959300 ms  DeleteObjects: 0.137400 ms)

========================================================================
Received Prepare
Registering precompiled user dll's ...
Registered in 0.001336 seconds.
Begin MonoManager ReloadAssembly
Native extension for WindowsStandalone target not found
Native extension for WebGL target not found
Refreshing native plugins compatible for Editor in 0.39 ms, found 1 plugins.
Preloading 0 native plugins for Editor in 0.00 ms.
Mono: successfully reloaded assembly
- Completed reload, in  0.743 seconds
Platform modules already initialized, skipping
Refreshing native plugins compatible for Editor in 0.37 ms, found 1 plugins.
Preloading 0 native plugins for Editor in 0.00 ms.
Unloading 1850 Unused Serialized files (Serialized files now loaded: 0)
System memory in use before: 102.6 MB.
System memory in use after: 102.6 MB.

Unloading 11 unused Assets to reduce memory usage. Loaded Objects now: 2533.
Total: 1.905300 ms (FindLiveObjects: 0.239200 ms CreateObjectMapping: 0.045700 ms MarkObjects: 1.496500 ms  DeleteObjects: 0.122600 ms)

========================================================================
Received Prepare
Registering precompiled user dll's ...
Registered in 0.000891 seconds.
Begin MonoManager ReloadAssembly
Native extension for WindowsStandalone target not found
Native extension for WebGL target not found
Refreshing native plugins compatible for Editor in 0.39 ms, found 1 plugins.
Preloading 0 native plugins for Editor in 0.00 ms.
Mono: successfully reloaded assembly
- Completed reload, in  0.801 seconds
Platform modules already initialized, skipping
Refreshing native plugins compatible for Editor in 0.37 ms, found 1 plugins.
Preloading 0 native plugins for Editor in 0.00 ms.
Unloading 1850 Unused Serialized files (Serialized files now loaded: 0)
System memory in use before: 102.6 MB.
System memory in use after: 102.6 MB.

Unloading 11 unused Assets to reduce memory usage. Loaded Objects now: 2537.
Total: 2.131800 ms (FindLiveObjects: 0.322200 ms CreateObjectMapping: 0.049500 ms MarkObjects: 1.667900 ms  DeleteObjects: 0.090900 ms)

========================================================================
Received Prepare
Registering precompiled user dll's ...
Registered in 0.000865 seconds.
Begin MonoManager ReloadAssembly
Native extension for WindowsStandalone target not found
Native extension for WebGL target not found
Refreshing native plugins compatible for Editor in 0.57 ms, found 1 plugins.
Preloading 0 native plugins for Editor in 0.00 ms.
Mono: successfully reloaded assembly
- Completed reload, in  0.882 seconds
Platform modules already initialized, skipping
Refreshing native plugins compatible for Editor in 0.38 ms, found 1 plugins.
Preloading 0 native plugins for Editor in 0.00 ms.
Unloading 1850 Unused Serialized files (Serialized files now loaded: 0)
System memory in use before: 102.6 MB.
System memory in use after: 102.6 MB.

Unloading 11 unused Assets to reduce memory usage. Loaded Objects now: 2541.
Total: 1.911300 ms (FindLiveObjects: 0.251600 ms CreateObjectMapping: 0.043400 ms MarkObjects: 1.518200 ms  DeleteObjects: 0.097200 ms)

========================================================================
Received Import Request.
  Time since last request: 686.084948 seconds.
  path: Assets/Scripts/Weapon.cs
  artifactKey: Guid(783678d944ca744408ff1ef985d0afe9) Importer(815301076,1909f56bfc062723c751e8b465ee728b)
Start importing Assets/Scripts/Weapon.cs using Guid(783678d944ca744408ff1ef985d0afe9) Importer(815301076,1909f56bfc062723c751e8b465ee728b)  -> (artifact id: 'eae0f5dc6b29044bc605602bc568d4d3') in 0.005224 seconds
  Import took 0.008400 seconds .

========================================================================
Received Prepare
Registering precompiled user dll's ...
Registered in 0.001002 seconds.
Begin MonoManager ReloadAssembly
Native extension for WindowsStandalone target not found
Native extension for WebGL target not found
Refreshing native plugins compatible for Editor in 0.38 ms, found 1 plugins.
Preloading 0 native plugins for Editor in 0.00 ms.
Mono: successfully reloaded assembly
- Completed reload, in  0.938 seconds
Platform modules already initialized, skipping
Refreshing native plugins compatible for Editor in 0.60 ms, found 1 plugins.
Preloading 0 native plugins for Editor in 0.00 ms.
Unloading 1850 Unused Serialized files (Serialized files now loaded: 0)
System memory in use before: 102.6 MB.
System memory in use after: 102.6 MB.

Unloading 11 unused Assets to reduce memory usage. Loaded Objects now: 2545.
Total: 2.515200 ms (FindLiveObjects: 0.354600 ms CreateObjectMapping: 0.056400 ms MarkObjects: 1.991300 ms  DeleteObjects: 0.110900 ms)

========================================================================
Received Import Request.
  Time since last request: 220.089004 seconds.
  path: Packages/com.unity.ide.vscode
  artifactKey: Guid(1c61a04a5b7737c4d16673d64be4194e) Importer(815301076,1909f56bfc062723c751e8b465ee728b)
Start importing Packages/com.unity.ide.vscode using Guid(1c61a04a5b7737c4d16673d64be4194e) Importer(815301076,1909f56bfc062723c751e8b465ee728b)  -> (artifact id: '3f59e8d9e6845f1c1f5a622b56c7ae3d') in 0.011073 seconds
  Import took 0.014136 seconds .

========================================================================
Received Import Request.
  Time since last request: 0.002477 seconds.
  path: Packages/com.unity.ide.vscode
  artifactKey: Guid(1c61a04a5b7737c4d16673d64be4194e) Importer(815301076,1909f56bfc062723c751e8b465ee728b)
Start importing Packages/com.unity.ide.vscode using Guid(1c61a04a5b7737c4d16673d64be4194e) Importer(815301076,1909f56bfc062723c751e8b465ee728b)  -> (artifact id: '3f59e8d9e6845f1c1f5a622b56c7ae3d') in 0.002606 seconds
  Import took 0.005635 seconds .

========================================================================
Received Prepare
Registering precompiled user dll's ...
Registered in 0.001050 seconds.
Begin MonoManager ReloadAssembly
Native extension for WindowsStandalone target not found
Native extension for WebGL target not found
Refreshing native plugins compatible for Editor in 0.65 ms, found 1 plugins.
Preloading 0 native plugins for Editor in 0.00 ms.
Mono: successfully reloaded assembly
- Completed reload, in  0.855 seconds
Platform modules already initialized, skipping
Refreshing native plugins compatible for Editor in 0.40 ms, found 1 plugins.
Preloading 0 native plugins for Editor in 0.00 ms.
Unloading 1850 Unused Serialized files (Serialized files now loaded: 0)
System memory in use before: 102.6 MB.
System memory in use after: 102.6 MB.

Unloading 11 unused Assets to reduce memory usage. Loaded Objects now: 2549.
Total: 2.071500 ms (FindLiveObjects: 0.263200 ms CreateObjectMapping: 0.045500 ms MarkObjects: 1.642300 ms  DeleteObjects: 0.119000 ms)

========================================================================
Received Prepare
Refreshing native plugins compatible for Editor in 1.69 ms, found 1 plugins.
Preloading 0 native plugins for Editor in 0.00 ms.
Unloading 9 Unused Serialized files (Serialized files now loaded: 0)
System memory in use before: 66.2 MB.
System memory in use after: 66.2 MB.

Unloading 9 unused Assets to reduce memory usage. Loaded Objects now: 2549.
Total: 3.613600 ms (FindLiveObjects: 0.899800 ms CreateObjectMapping: 0.206200 ms MarkObjects: 2.383100 ms  DeleteObjects: 0.121900 ms)

========================================================================
Received Prepare
Refreshing native plugins compatible for Editor in 1.52 ms, found 1 plugins.
Preloading 0 native plugins for Editor in 0.00 ms.
Unloading 9 Unused Serialized files (Serialized files now loaded: 0)
System memory in use before: 66.2 MB.
System memory in use after: 66.2 MB.

Unloading 9 unused Assets to reduce memory usage. Loaded Objects now: 2549.
Total: 3.024000 ms (FindLiveObjects: 0.395700 ms CreateObjectMapping: 0.058800 ms MarkObjects: 2.439900 ms  DeleteObjects: 0.128200 ms)

========================================================================
Received Prepare
Registering precompiled user dll's ...
Registered in 0.000894 seconds.
Begin MonoManager ReloadAssembly
Native extension for WindowsStandalone target not found
Native extension for WebGL target not found
Refreshing native plugins compatible for Editor in 0.72 ms, found 1 plugins.
Preloading 0 native plugins for Editor in 0.00 ms.
Mono: successfully reloaded assembly
- Completed reload, in  0.998 seconds
Platform modules already initialized, skipping
Refreshing native plugins compatible for Editor in 0.39 ms, found 1 plugins.
Preloading 0 native plugins for Editor in 0.00 ms.
Unloading 1850 Unused Serialized files (Serialized files now loaded: 0)
System memory in use before: 102.6 MB.
System memory in use after: 102.6 MB.

Unloading 11 unused Assets to reduce memory usage. Loaded Objects now: 2553.
Total: 2.538800 ms (FindLiveObjects: 0.247300 ms CreateObjectMapping: 0.046500 ms MarkObjects: 2.132900 ms  DeleteObjects: 0.110500 ms)

========================================================================
Received Prepare
Refreshing native plugins compatible for Editor in 2.05 ms, found 1 plugins.
Preloading 0 native plugins for Editor in 0.00 ms.
Unloading 9 Unused Serialized files (Serialized files now loaded: 0)
System memory in use before: 66.2 MB.
System memory in use after: 66.2 MB.

Unloading 9 unused Assets to reduce memory usage. Loaded Objects now: 2553.
Total: 2.974900 ms (FindLiveObjects: 0.427300 ms CreateObjectMapping: 0.075000 ms MarkObjects: 2.341000 ms  DeleteObjects: 0.130200 ms)

========================================================================
Received Prepare
Registering precompiled user dll's ...
Registered in 0.001176 seconds.
Begin MonoManager ReloadAssembly
Native extension for WindowsStandalone target not found
Native extension for WebGL target not found
Refreshing native plugins compatible for Editor in 0.39 ms, found 1 plugins.
Preloading 0 native plugins for Editor in 0.00 ms.
Mono: successfully reloaded assembly
- Completed reload, in  0.983 seconds
Platform modules already initialized, skipping
Refreshing native plugins compatible for Editor in 0.37 ms, found 1 plugins.
Preloading 0 native plugins for Editor in 0.00 ms.
Unloading 1850 Unused Serialized files (Serialized files now loaded: 0)
System memory in use before: 102.6 MB.
System memory in use after: 102.6 MB.

Unloading 11 unused Assets to reduce memory usage. Loaded Objects now: 2557.
Total: 2.385700 ms (FindLiveObjects: 0.351900 ms CreateObjectMapping: 0.064000 ms MarkObjects: 1.864300 ms  DeleteObjects: 0.104400 ms)

========================================================================
Received Prepare
Refreshing native plugins compatible for Editor in 2.45 ms, found 1 plugins.
Preloading 0 native plugins for Editor in 0.00 ms.
Unloading 9 Unused Serialized files (Serialized files now loaded: 0)
System memory in use before: 66.2 MB.
System memory in use after: 66.2 MB.

Unloading 9 unused Assets to reduce memory usage. Loaded Objects now: 2557.
Total: 3.463700 ms (FindLiveObjects: 0.424800 ms CreateObjectMapping: 0.073700 ms MarkObjects: 2.845000 ms  DeleteObjects: 0.118900 ms)

========================================================================
Received Prepare
Refreshing native plugins compatible for Editor in 1.54 ms, found 1 plugins.
Preloading 0 native plugins for Editor in 0.00 ms.
Unloading 9 Unused Serialized files (Serialized files now loaded: 0)
System memory in use before: 66.2 MB.
System memory in use after: 66.2 MB.

Unloading 9 unused Assets to reduce memory usage. Loaded Objects now: 2557.
Total: 1.931400 ms (FindLiveObjects: 0.262400 ms CreateObjectMapping: 0.046800 ms MarkObjects: 1.526700 ms  DeleteObjects: 0.094400 ms)

========================================================================
Received Prepare
Registering precompiled user dll's ...
Registered in 0.000908 seconds.
Begin MonoManager ReloadAssembly
Native extension for WindowsStandalone target not found
Native extension for WebGL target not found
Refreshing native plugins compatible for Editor in 0.52 ms, found 1 plugins.
Preloading 0 native plugins for Editor in 0.00 ms.
Mono: successfully reloaded assembly
- Completed reload, in  0.806 seconds
Platform modules already initialized, skipping
Refreshing native plugins compatible for Editor in 0.37 ms, found 1 plugins.
Preloading 0 native plugins for Editor in 0.00 ms.
Unloading 1850 Unused Serialized files (Serialized files now loaded: 0)
System memory in use before: 102.6 MB.
System memory in use after: 102.6 MB.

Unloading 11 unused Assets to reduce memory usage. Loaded Objects now: 2561.
Total: 2.024600 ms (FindLiveObjects: 0.238900 ms CreateObjectMapping: 0.050300 ms MarkObjects: 1.631300 ms  DeleteObjects: 0.103200 ms)

========================================================================
Received Import Request.
  Time since last request: 691.876526 seconds.
  path: Assets/Scripts/Restart.cs
  artifactKey: Guid(48c5a81694543774393d5797f034db64) Importer(815301076,1909f56bfc062723c751e8b465ee728b)
Start importing Assets/Scripts/Restart.cs using Guid(48c5a81694543774393d5797f034db64) Importer(815301076,1909f56bfc062723c751e8b465ee728b)  -> (artifact id: '338aef8fb24818c83837877898c1c758') in 0.009052 seconds
  Import took 0.012242 seconds .

========================================================================
Received Import Request.
  Time since last request: 0.470053 seconds.
  path: Assets/Scripts/tank_left.cs
  artifactKey: Guid(42fe3fd508e9bc247b68253e5ac01056) Importer(815301076,1909f56bfc062723c751e8b465ee728b)
Start importing Assets/Scripts/tank_left.cs using Guid(42fe3fd508e9bc247b68253e5ac01056) Importer(815301076,1909f56bfc062723c751e8b465ee728b)  -> (artifact id: '58f17ea65507cc119897d552c66cb88c') in 0.007177 seconds
  Import took 0.010588 seconds .

========================================================================
Received Import Request.
  Time since last request: 0.020337 seconds.
  path: Assets/Scripts/tank_left.cs
  artifactKey: Guid(42fe3fd508e9bc247b68253e5ac01056) Importer(815301076,1909f56bfc062723c751e8b465ee728b)
Start importing Assets/Scripts/tank_left.cs using Guid(42fe3fd508e9bc247b68253e5ac01056) Importer(815301076,1909f56bfc062723c751e8b465ee728b)  -> (artifact id: '58f17ea65507cc119897d552c66cb88c') in 0.002934 seconds
  Import took 0.005894 seconds .

========================================================================
Received Import Request.
  Time since last request: 3.444575 seconds.
  path: Assets/Scripts/AvatarSwitch.cs
  artifactKey: Guid(4843b2b218d3d6d45b2fcbc58fb41cc3) Importer(815301076,1909f56bfc062723c751e8b465ee728b)
Start importing Assets/Scripts/AvatarSwitch.cs using Guid(4843b2b218d3d6d45b2fcbc58fb41cc3) Importer(815301076,1909f56bfc062723c751e8b465ee728b)  -> (artifact id: '5309feb4fb493869eaed2c6a016ff45b') in 0.006905 seconds
  Import took 0.010010 seconds .

========================================================================
Received Prepare
Registering precompiled user dll's ...
Registered in 0.001396 seconds.
Begin MonoManager ReloadAssembly
Native extension for WindowsStandalone target not found
Native extension for WebGL target not found
Refreshing native plugins compatible for Editor in 0.50 ms, found 1 plugins.
Preloading 0 native plugins for Editor in 0.00 ms.
Mono: successfully reloaded assembly
- Completed reload, in  0.814 seconds
Platform modules already initialized, skipping
Refreshing native plugins compatible for Editor in 0.42 ms, found 1 plugins.
Preloading 0 native plugins for Editor in 0.00 ms.
Unloading 1850 Unused Serialized files (Serialized files now loaded: 0)
System memory in use before: 102.8 MB.
System memory in use after: 102.9 MB.

Unloading 11 unused Assets to reduce memory usage. Loaded Objects now: 2565.
Total: 2.148200 ms (FindLiveObjects: 0.273400 ms CreateObjectMapping: 0.053400 ms MarkObjects: 1.710300 ms  DeleteObjects: 0.109900 ms)

========================================================================
Received Prepare
Registering precompiled user dll's ...
Registered in 0.000918 seconds.
Begin MonoManager ReloadAssembly
Native extension for WindowsStandalone target not found
Native extension for WebGL target not found
Refreshing native plugins compatible for Editor in 0.40 ms, found 1 plugins.
Preloading 0 native plugins for Editor in 0.00 ms.
Mono: successfully reloaded assembly
- Completed reload, in  0.757 seconds
Platform modules already initialized, skipping
Refreshing native plugins compatible for Editor in 0.38 ms, found 1 plugins.
Preloading 0 native plugins for Editor in 0.00 ms.
Unloading 1850 Unused Serialized files (Serialized files now loaded: 0)
System memory in use before: 102.9 MB.
System memory in use after: 102.9 MB.

Unloading 11 unused Assets to reduce memory usage. Loaded Objects now: 2569.
Total: 2.096400 ms (FindLiveObjects: 0.253900 ms CreateObjectMapping: 0.049800 ms MarkObjects: 1.689600 ms  DeleteObjects: 0.101900 ms)

========================================================================
Received Prepare
Registering precompiled user dll's ...
Registered in 0.000901 seconds.
Begin MonoManager ReloadAssembly
Native extension for WindowsStandalone target not found
Native extension for WebGL target not found
Refreshing native plugins compatible for Editor in 0.38 ms, found 1 plugins.
Preloading 0 native plugins for Editor in 0.00 ms.
Mono: successfully reloaded assembly
- Completed reload, in  0.819 seconds
Platform modules already initialized, skipping
Refreshing native plugins compatible for Editor in 0.39 ms, found 1 plugins.
Preloading 0 native plugins for Editor in 0.00 ms.
Unloading 1850 Unused Serialized files (Serialized files now loaded: 0)
System memory in use before: 102.9 MB.
System memory in use after: 102.9 MB.

Unloading 11 unused Assets to reduce memory usage. Loaded Objects now: 2573.
Total: 1.979300 ms (FindLiveObjects: 0.229600 ms CreateObjectMapping: 0.049600 ms MarkObjects: 1.600000 ms  DeleteObjects: 0.098800 ms)

========================================================================
Received Import Request.
  Time since last request: 231.124463 seconds.
  path: Assets/Prefabs/Bullet.prefab
  artifactKey: Guid(38ffb95785e75a2428e4a9b9aedf38e6) Importer(815301076,1909f56bfc062723c751e8b465ee728b)
Start importing Assets/Prefabs/Bullet.prefab using Guid(38ffb95785e75a2428e4a9b9aedf38e6) Importer(815301076,1909f56bfc062723c751e8b465ee728b)  -> (artifact id: '57a33be3f937e36e97ab1a840ba36690') in 0.063857 seconds
  Import took 0.067272 seconds .

========================================================================
Received Prepare
Registering precompiled user dll's ...
Registered in 0.000942 seconds.
Begin MonoManager ReloadAssembly
Native extension for WindowsStandalone target not found
Native extension for WebGL target not found
Refreshing native plugins compatible for Editor in 0.41 ms, found 1 plugins.
Preloading 0 native plugins for Editor in 0.00 ms.
Mono: successfully reloaded assembly
- Completed reload, in  0.793 seconds
Platform modules already initialized, skipping
Refreshing native plugins compatible for Editor in 0.46 ms, found 1 plugins.
Preloading 0 native plugins for Editor in 0.00 ms.
Unloading 1850 Unused Serialized files (Serialized files now loaded: 0)
System memory in use before: 102.9 MB.
System memory in use after: 102.9 MB.

Unloading 11 unused Assets to reduce memory usage. Loaded Objects now: 2578.
Total: 2.094100 ms (FindLiveObjects: 0.234300 ms CreateObjectMapping: 0.045700 ms MarkObjects: 1.705800 ms  DeleteObjects: 0.106500 ms)

========================================================================
Received Prepare
Registering precompiled user dll's ...
Registered in 0.000874 seconds.
Begin MonoManager ReloadAssembly
Native extension for WindowsStandalone target not found
Native extension for WebGL target not found
Refreshing native plugins compatible for Editor in 0.71 ms, found 1 plugins.
Preloading 0 native plugins for Editor in 0.00 ms.
Mono: successfully reloaded assembly
- Completed reload, in  0.835 seconds
Platform modules already initialized, skipping
Refreshing native plugins compatible for Editor in 0.45 ms, found 1 plugins.
Preloading 0 native plugins for Editor in 0.00 ms.
Unloading 1850 Unused Serialized files (Serialized files now loaded: 0)
System memory in use before: 102.9 MB.
System memory in use after: 102.9 MB.

Unloading 11 unused Assets to reduce memory usage. Loaded Objects now: 2582.
Total: 2.711800 ms (FindLiveObjects: 0.317600 ms CreateObjectMapping: 0.050300 ms MarkObjects: 2.228000 ms  DeleteObjects: 0.114300 ms)

========================================================================
Received Import Request.
  Time since last request: 29.923047 seconds.
  path: Assets/Prefabs/Bullet.prefab
  artifactKey: Guid(38ffb95785e75a2428e4a9b9aedf38e6) Importer(815301076,1909f56bfc062723c751e8b465ee728b)
Start importing Assets/Prefabs/Bullet.prefab using Guid(38ffb95785e75a2428e4a9b9aedf38e6) Importer(815301076,1909f56bfc062723c751e8b465ee728b)  -> (artifact id: '856f765b68f165fd985520c508c11497') in 0.048124 seconds
  Import took 0.051667 seconds .

========================================================================
Received Import Request.
  Time since last request: 5.390979 seconds.
  path: Assets/Prefabs/Bullet.prefab
  artifactKey: Guid(38ffb95785e75a2428e4a9b9aedf38e6) Importer(815301076,1909f56bfc062723c751e8b465ee728b)
Start importing Assets/Prefabs/Bullet.prefab using Guid(38ffb95785e75a2428e4a9b9aedf38e6) Importer(815301076,1909f56bfc062723c751e8b465ee728b)  -> (artifact id: 'f79e43d17a753eb3e07479245f942644') in 0.021278 seconds
  Import took 0.024521 seconds .

========================================================================
Received Prepare
Registering precompiled user dll's ...
Registered in 0.000931 seconds.
Begin MonoManager ReloadAssembly
Native extension for WindowsStandalone target not found
Native extension for WebGL target not found
Refreshing native plugins compatible for Editor in 0.38 ms, found 1 plugins.
Preloading 0 native plugins for Editor in 0.00 ms.
Mono: successfully reloaded assembly
- Completed reload, in  0.768 seconds
Platform modules already initialized, skipping
Refreshing native plugins compatible for Editor in 0.39 ms, found 1 plugins.
Preloading 0 native plugins for Editor in 0.00 ms.
Unloading 1850 Unused Serialized files (Serialized files now loaded: 0)
System memory in use before: 102.9 MB.
System memory in use after: 102.9 MB.

Unloading 11 unused Assets to reduce memory usage. Loaded Objects now: 2587.
Total: 1.930100 ms (FindLiveObjects: 0.231300 ms CreateObjectMapping: 0.043200 ms MarkObjects: 1.550700 ms  DeleteObjects: 0.104000 ms)

========================================================================
Received Prepare
Registering precompiled user dll's ...
Registered in 0.000916 seconds.
Begin MonoManager ReloadAssembly
Native extension for WindowsStandalone target not found
Native extension for WebGL target not found
Refreshing native plugins compatible for Editor in 0.38 ms, found 1 plugins.
Preloading 0 native plugins for Editor in 0.00 ms.
Mono: successfully reloaded assembly
- Completed reload, in  0.765 seconds
Platform modules already initialized, skipping
Refreshing native plugins compatible for Editor in 0.41 ms, found 1 plugins.
Preloading 0 native plugins for Editor in 0.00 ms.
Unloading 1850 Unused Serialized files (Serialized files now loaded: 0)
System memory in use before: 102.9 MB.
System memory in use after: 102.9 MB.

Unloading 11 unused Assets to reduce memory usage. Loaded Objects now: 2591.
Total: 2.101800 ms (FindLiveObjects: 0.248300 ms CreateObjectMapping: 0.046100 ms MarkObjects: 1.699100 ms  DeleteObjects: 0.107000 ms)

========================================================================
Received Import Request.
  Time since last request: 51.582127 seconds.
  path: Assets/Scripts/Bullet.cs
  artifactKey: Guid(4bc95c183b9486e4cb5ffff09b6650db) Importer(815301076,1909f56bfc062723c751e8b465ee728b)
Start importing Assets/Scripts/Bullet.cs using Guid(4bc95c183b9486e4cb5ffff09b6650db) Importer(815301076,1909f56bfc062723c751e8b465ee728b)  -> (artifact id: '2202fe3197debf1b292bb4c79caff91b') in 0.004979 seconds
  Import took 0.008025 seconds .

========================================================================
Received Import Request.
  Time since last request: 0.028732 seconds.
  path: Assets/Scripts/Bullet.cs
  artifactKey: Guid(4bc95c183b9486e4cb5ffff09b6650db) Importer(815301076,1909f56bfc062723c751e8b465ee728b)
Start importing Assets/Scripts/Bullet.cs using Guid(4bc95c183b9486e4cb5ffff09b6650db) Importer(815301076,1909f56bfc062723c751e8b465ee728b)  -> (artifact id: '2202fe3197debf1b292bb4c79caff91b') in 0.002847 seconds
  Import took 0.005878 seconds .

========================================================================
Received Prepare
Registering precompiled user dll's ...
Registered in 0.000844 seconds.
Begin MonoManager ReloadAssembly
Native extension for WindowsStandalone target not found
Native extension for WebGL target not found
Refreshing native plugins compatible for Editor in 0.39 ms, found 1 plugins.
Preloading 0 native plugins for Editor in 0.00 ms.
Mono: successfully reloaded assembly
- Completed reload, in  0.778 seconds
Platform modules already initialized, skipping
Refreshing native plugins compatible for Editor in 0.44 ms, found 1 plugins.
Preloading 0 native plugins for Editor in 0.00 ms.
Unloading 1850 Unused Serialized files (Serialized files now loaded: 0)
System memory in use before: 102.9 MB.
System memory in use after: 102.9 MB.

Unloading 11 unused Assets to reduce memory usage. Loaded Objects now: 2595.
Total: 2.362100 ms (FindLiveObjects: 0.235500 ms CreateObjectMapping: 0.049400 ms MarkObjects: 1.971800 ms  DeleteObjects: 0.104300 ms)

AssetImportWorkerClient::OnTransportError - code=2 error=End of file
